<?xml version="1.0" encoding="UTF-8"?>
<!-- Generated by org.testng.reporters.JUnitXMLReporter -->
<testsuite ignored="2" hostname="DESKTOP-SHO85OO" failures="0" tests="1" name="Test" time="4.349" errors="0" timestamp="2023-06-23T18:17:34 IST">
  <testcase classname="t2.test3" name="m3" time="4.294"/>
  <testcase classname="test.test" name="test1" time="0.0">
    <ignored/>
  </testcase> <!-- test1 -->
  <testcase classname="test.test2" name="test1" time="0.0">
    <ignored/>
  </testcase> <!-- test1 -->
</testsuite> <!-- Test -->
