<?xml version="1.0" encoding="UTF-8"?>
<testng-results ignored="0" total="1" passed="1" failed="0" skipped="0">
  <reporter-output>
  </reporter-output>
  <suite started-at="2023-06-28T09:21:04 IST" name="Default suite" finished-at="2023-06-28T09:21:34 IST" duration-ms="30393">
    <groups>
    </groups>
    <test started-at="2023-06-28T09:21:04 IST" name="Default test" finished-at="2023-06-28T09:21:34 IST" duration-ms="30393">
      <class name="project.facebook">
        <test-method signature="main()[pri:0, instance:project.facebook@36c88a32]" started-at="2023-06-28T09:21:04 IST" name="main" finished-at="2023-06-28T09:21:34 IST" duration-ms="30336" status="PASS">
          <reporter-output>
          </reporter-output>
        </test-method> <!-- main -->
      </class> <!-- project.facebook -->
    </test> <!-- Default test -->
  </suite> <!-- Default suite -->
</testng-results>
